<?xml version="1.0" encoding="UTF-8" ?>
<testsuite tests="48" failures="0" name="net.mooctest.JipaTest" time="0.058" errors="0" skipped="0">
  <properties>
[...]
</properties>
  <testcase classname="net.mooctest.JipaTest" name="tedst11" time="0.015"/>
  <testcase classname="net.mooctest.JipaTest" name="tedst12" time="0"/>
  <testcase classname="net.mooctest.JipaTest" name="tesat07" time="0.002"/>
  <testcase classname="net.mooctest.JipaTest" name="tesct14" time="0.001"/>
  <testcase classname="net.mooctest.JipaTest" name="tesdt08" time="0"/>
  <testcase classname="net.mooctest.JipaTest" name="tesdt09" time="0"/>
  <testcase classname="net.mooctest.JipaTest" name="test1b6" time="0.002"/>
  <testcase classname="net.mooctest.JipaTest" name="test332" time="0.006"/>
  <testcase classname="net.mooctest.JipaTest" name="tesst10" time="0"/>
  <testcase classname="net.mooctest.JipaTest" name="testa00" time="0.001"/>
  <testcase classname="net.mooctest.JipaTest" name="testa01" time="0"/>
  <testcase classname="net.mooctest.JipaTest" name="testa04" time="0.001"/>
  <testcase classname="net.mooctest.JipaTest" name="testa05" time="0"/>
  <testcase classname="net.mooctest.JipaTest" name="testa06" time="0.011"/>
  <testcase classname="net.mooctest.JipaTest" name="testd17" time="0.002"/>
  <testcase classname="net.mooctest.JipaTest" name="testq19" time="0.003"/>
  <testcase classname="net.mooctest.JipaTest" name="testv15" time="0"/>
  <testcase classname="net.mooctest.JipaTest" name="test33245" time="0.001"/>
  <testcase classname="net.mooctest.JipaTest" name="test33245670" time="0"/>
  <testcase classname="net.mooctest.JipaTest" name="test2222" time="0"/>
  <testcase classname="net.mooctest.JipaTest" name="test3324" time="0.001"/>
  <testcase classname="net.mooctest.JipaTest" name="testwd18" time="0.001"/>
  <testcase classname="net.mooctest.JipaTest" name="teszat13" time="0"/>
  <testcase classname="net.mooctest.JipaTest" name="test00" time="0.001"/>
  <testcase classname="net.mooctest.JipaTest" name="test01" time="0.001"/>
  <testcase classname="net.mooctest.JipaTest" name="test02" time="0"/>
  <testcase classname="net.mooctest.JipaTest" name="test03" time="0.001"/>
  <testcase classname="net.mooctest.JipaTest" name="test04" time="0"/>
  <testcase classname="net.mooctest.JipaTest" name="test08" time="0.001"/>
  <testcase classname="net.mooctest.JipaTest" name="test09" time="0"/>
  <testcase classname="net.mooctest.JipaTest" name="test10" time="0.001"/>
  <testcase classname="net.mooctest.JipaTest" name="test12" time="0"/>
  <testcase classname="net.mooctest.JipaTest" name="test13" time="0.001"/>
  <testcase classname="net.mooctest.JipaTest" name="test15" time="0"/>
  <testcase classname="net.mooctest.JipaTest" name="test16" time="0"/>
  <testcase classname="net.mooctest.JipaTest" name="test17" time="0.001"/>
  <testcase classname="net.mooctest.JipaTest" name="test18" time="0"/>
  <testcase classname="net.mooctest.JipaTest" name="test19" time="0.001"/>
  <testcase classname="net.mooctest.JipaTest" name="test32" time="0"/>
  <testcase classname="net.mooctest.JipaTest" name="test34" time="0"/>
  <testcase classname="net.mooctest.JipaTest" name="test" time="0.001"/>
  <testcase classname="net.mooctest.JipaTest" name="test0" time="0"/>
  <testcase classname="net.mooctest.JipaTest" name="test1" time="0"/>
  <testcase classname="net.mooctest.JipaTest" name="test2" time="0.001"/>
  <testcase classname="net.mooctest.JipaTest" name="test3" time="0"/>
  <testcase classname="net.mooctest.JipaTest" name="test4" time="0"/>
  <testcase classname="net.mooctest.JipaTest" name="test332456" time="0.001"/>
  <testcase classname="net.mooctest.JipaTest" name="test3324567" time="0"/>
</testsuite>